<?xml version="1.0" encoding="UTF-8"?>
<!-- Generated by org.testng.reporters.JUnitXMLReporter -->
<testsuite hostname="DESKTOP-0M6KONU" ignored="0" name="Default test" tests="5" failures="0" timestamp="17 Apr 2021 07:17:33 GMT" time="48.734" errors="0">
  <testcase name="tc1" time="10.535" classname="org.automation.AtactinAutomation"/>
  <testcase name="tc2" time="5.95" classname="org.automation.AtactinAutomation"/>
  <testcase name="tc3" time="1.816" classname="org.automation.AtactinAutomation"/>
  <testcase name="tc4" time="7.476" classname="org.automation.AtactinAutomation"/>
  <testcase name="tc5" time="0.082" classname="org.automation.AtactinAutomation"/>
</testsuite> <!-- Default test -->
